2022-08-16 17:03:16,113:INFO:PyCaret Supervised Module
2022-08-16 17:03:16,113:INFO:ML Usecase: anomaly
2022-08-16 17:03:16,113:INFO:version 2.3.10
2022-08-16 17:03:16,113:INFO:Initializing setup()
2022-08-16 17:03:16,113:INFO:setup(target=None, ml_usecase=anomaly, available_plots={'tsne': 'Anomaly TSnE (3d)', 'umap': 'UMAP Dimensionality'}, train_size=0.7, test_data=None, preprocess=True, imputation_type=simple, iterative_imputation_iters=5, categorical_features=None, categorical_imputation=mode, categorical_iterative_imputer=lightgbm, ordinal_features=None, high_cardinality_features=None, high_cardinality_method=frequency, numeric_features=None, numeric_imputation=mean, numeric_iterative_imputer=lightgbm, date_features=None, ignore_features=None, normalize=False, normalize_method=zscore, transformation=False, transformation_method=yeo-johnson, handle_unknown_categorical=True, unknown_categorical_method=least_frequent, pca=False, pca_method=linear, pca_components=None, ignore_low_variance=False, combine_rare_levels=False, rare_level_threshold=0.1, bin_numeric_features=None, remove_outliers=False, outliers_threshold=0.05, remove_multicollinearity=False, multicollinearity_threshold=0.9, remove_perfect_collinearity=False, create_clusters=False, cluster_iter=20, polynomial_features=False, polynomial_degree=2, trigonometry_features=False, polynomial_threshold=0.1, group_features=None, group_names=None, feature_selection=False, feature_selection_threshold=0.8, feature_selection_method=classic, feature_interaction=False, feature_ratio=False, interaction_threshold=0.01, fix_imbalance=False, fix_imbalance_method=None, transform_target=False, transform_target_method=box-cox, data_split_shuffle=False, data_split_stratify=False, fold_strategy=kfold, fold=10, fold_shuffle=False, fold_groups=None, n_jobs=-1, use_gpu=False, custom_pipeline=None, html=True, session_id=None, log_experiment=False, experiment_name=None, experiment_custom_tags=None, log_plots=False, log_profile=False, log_data=False, silent=False, verbose=True, profile=False, profile_kwargs=None, display=None)
2022-08-16 17:03:16,114:INFO:Checking environment
2022-08-16 17:03:16,114:INFO:python_version: 3.8.13
2022-08-16 17:03:16,114:INFO:python_build: ('default', 'Mar 28 2022 06:59:08')
2022-08-16 17:03:16,114:INFO:machine: AMD64
2022-08-16 17:03:16,114:INFO:platform: Windows-10-10.0.22000-SP0
2022-08-16 17:03:16,114:INFO:Memory: svmem(total=17032929280, available=7241293824, percent=57.5, used=9791635456, free=7241293824)
2022-08-16 17:03:16,114:INFO:Physical Core: 6
2022-08-16 17:03:16,114:INFO:Logical Core: 12
2022-08-16 17:03:16,114:INFO:Checking libraries
2022-08-16 17:03:16,114:INFO:pd==1.4.3
2022-08-16 17:03:16,114:INFO:numpy==1.19.5
2022-08-16 17:03:16,114:INFO:sklearn==0.23.2
2022-08-16 17:03:16,114:INFO:lightgbm==3.3.2
2022-08-16 17:03:16,115:WARNING:catboost not found
2022-08-16 17:03:16,115:WARNING:xgboost not found
2022-08-16 17:03:16,115:INFO:mlflow==1.28.0
2022-08-16 17:03:16,115:INFO:Checking Exceptions
2022-08-16 17:03:16,116:INFO:Declaring global variables
2022-08-16 17:03:16,116:INFO:USI: 387c
2022-08-16 17:03:16,116:INFO:pycaret_globals: {'transform_target_param', 'logging_param', 'fold_generator', 'USI', 'experiment__', 'data_before_preprocess', 'imputation_classifier', '_all_models', 'X', '_all_metrics', 'fix_imbalance_method_param', 'pycaret_globals', 'dashboard_logger', 'fold_groups_param_full', 'display_container', '_all_models_internal', '_available_plots', 'create_model_container', 'gpu_param', 'n_jobs_param', 'exp_name_log', 'iterative_imputation_iters_param', '_gpu_n_jobs_param', '_internal_pipeline', '_ml_usecase', 'html_param', 'fold_shuffle_param', 'fix_imbalance_param', 'transform_target_method_param', 'fold_groups_param', 'prep_pipe', 'master_model_container', 'stratify_param', 'target_param', 'seed', 'log_plots_param', 'imputation_regressor', 'fold_param'}
2022-08-16 17:03:16,116:INFO:Preparing display monitor
2022-08-16 17:03:16,116:INFO:Preparing display monitor
2022-08-16 17:03:16,127:INFO:Importing libraries
2022-08-16 17:03:16,127:INFO:Copying data for preprocessing
2022-08-16 17:03:16,132:INFO:Declaring preprocessing parameters
2022-08-16 17:03:16,134:INFO:Creating preprocessing pipeline
2022-08-16 17:03:16,138:INFO:Preprocessing pipeline created successfully
2022-08-16 17:03:16,139:ERROR:(Process Exit): setup has been interupted with user command 'quit'. setup must rerun.
2022-08-16 17:03:16,139:INFO:Creating global containers
2022-08-16 17:03:16,140:INFO:Internal pipeline: Pipeline(memory=None, steps=[('empty_step', 'passthrough')], verbose=False)
2022-08-16 17:04:18,178:INFO:Creating grid variables
2022-08-16 17:04:18,186:INFO:create_model_container: 0
2022-08-16 17:04:18,186:INFO:master_model_container: 0
2022-08-16 17:04:18,186:INFO:display_container: 1
2022-08-16 17:04:18,191:INFO:Pipeline(memory=None,
         steps=[('dtypes',
                 DataTypes_Auto_infer(categorical_features=[],
                                      display_types=True, features_todrop=[],
                                      id_columns=[], ml_usecase='regression',
                                      numerical_features=[],
                                      target='UNSUPERVISED_DUMMY_TARGET',
                                      time_features=[])),
                ('imputer',
                 Simple_Imputer(categorical_strategy='most frequent',
                                fill_value_categorical=None,
                                fill_value_numerical=None...
                ('scaling', 'passthrough'), ('P_transform', 'passthrough'),
                ('binn', 'passthrough'), ('rem_outliers', 'passthrough'),
                ('cluster_all', 'passthrough'),
                ('dummy', Dummify(target='UNSUPERVISED_DUMMY_TARGET')),
                ('fix_perfect', 'passthrough'),
                ('clean_names', Clean_Colum_Names()),
                ('feature_select', 'passthrough'), ('fix_multi', 'passthrough'),
                ('dfs', 'passthrough'), ('pca', 'passthrough')],
         verbose=False)
2022-08-16 17:04:18,191:INFO:setup() succesfully completed......................................
2022-08-16 17:04:42,327:INFO:PyCaret Supervised Module
2022-08-16 17:04:42,327:INFO:ML Usecase: anomaly
2022-08-16 17:04:42,327:INFO:version 2.3.10
2022-08-16 17:04:42,327:INFO:Initializing setup()
2022-08-16 17:04:42,327:INFO:setup(target=None, ml_usecase=anomaly, available_plots={'tsne': 'Anomaly TSnE (3d)', 'umap': 'UMAP Dimensionality'}, train_size=0.7, test_data=None, preprocess=True, imputation_type=simple, iterative_imputation_iters=5, categorical_features=None, categorical_imputation=mode, categorical_iterative_imputer=lightgbm, ordinal_features=None, high_cardinality_features=None, high_cardinality_method=frequency, numeric_features=None, numeric_imputation=mean, numeric_iterative_imputer=lightgbm, date_features=None, ignore_features=None, normalize=False, normalize_method=zscore, transformation=False, transformation_method=yeo-johnson, handle_unknown_categorical=True, unknown_categorical_method=least_frequent, pca=False, pca_method=linear, pca_components=None, ignore_low_variance=False, combine_rare_levels=False, rare_level_threshold=0.1, bin_numeric_features=None, remove_outliers=False, outliers_threshold=0.05, remove_multicollinearity=False, multicollinearity_threshold=0.9, remove_perfect_collinearity=False, create_clusters=False, cluster_iter=20, polynomial_features=False, polynomial_degree=2, trigonometry_features=False, polynomial_threshold=0.1, group_features=None, group_names=None, feature_selection=False, feature_selection_threshold=0.8, feature_selection_method=classic, feature_interaction=False, feature_ratio=False, interaction_threshold=0.01, fix_imbalance=False, fix_imbalance_method=None, transform_target=False, transform_target_method=box-cox, data_split_shuffle=False, data_split_stratify=False, fold_strategy=kfold, fold=10, fold_shuffle=False, fold_groups=None, n_jobs=-1, use_gpu=False, custom_pipeline=None, html=True, session_id=None, log_experiment=False, experiment_name=None, experiment_custom_tags=None, log_plots=False, log_profile=False, log_data=False, silent=False, verbose=True, profile=False, profile_kwargs=None, display=None)
2022-08-16 17:04:42,328:INFO:Checking environment
2022-08-16 17:04:42,328:INFO:python_version: 3.8.13
2022-08-16 17:04:42,328:INFO:python_build: ('default', 'Mar 28 2022 06:59:08')
2022-08-16 17:04:42,328:INFO:machine: AMD64
2022-08-16 17:04:42,328:INFO:platform: Windows-10-10.0.22000-SP0
2022-08-16 17:04:42,328:INFO:Memory: svmem(total=17032929280, available=7308734464, percent=57.1, used=9724194816, free=7308734464)
2022-08-16 17:04:42,328:INFO:Physical Core: 6
2022-08-16 17:04:42,328:INFO:Logical Core: 12
2022-08-16 17:04:42,328:INFO:Checking libraries
2022-08-16 17:04:42,328:INFO:pd==1.4.3
2022-08-16 17:04:42,328:INFO:numpy==1.19.5
2022-08-16 17:04:42,328:INFO:sklearn==0.23.2
2022-08-16 17:04:42,329:INFO:lightgbm==3.3.2
2022-08-16 17:04:42,329:WARNING:catboost not found
2022-08-16 17:04:42,330:WARNING:xgboost not found
2022-08-16 17:04:42,330:INFO:mlflow==1.28.0
2022-08-16 17:04:42,330:INFO:Checking Exceptions
2022-08-16 17:04:42,330:INFO:Declaring global variables
2022-08-16 17:04:42,330:INFO:USI: 7a5c
2022-08-16 17:04:42,330:INFO:pycaret_globals: {'transform_target_param', 'logging_param', 'fold_generator', 'USI', 'experiment__', 'data_before_preprocess', 'imputation_classifier', '_all_models', 'X', '_all_metrics', 'fix_imbalance_method_param', 'pycaret_globals', 'dashboard_logger', 'fold_groups_param_full', 'display_container', '_all_models_internal', '_available_plots', 'create_model_container', 'gpu_param', 'n_jobs_param', 'exp_name_log', 'iterative_imputation_iters_param', '_gpu_n_jobs_param', '_internal_pipeline', '_ml_usecase', 'html_param', 'fold_shuffle_param', 'fix_imbalance_param', 'transform_target_method_param', 'fold_groups_param', 'prep_pipe', 'master_model_container', 'stratify_param', 'target_param', 'seed', 'log_plots_param', 'imputation_regressor', 'fold_param'}
2022-08-16 17:04:42,330:INFO:Preparing display monitor
2022-08-16 17:04:42,330:INFO:Preparing display monitor
2022-08-16 17:04:42,341:INFO:Importing libraries
2022-08-16 17:04:42,341:INFO:Copying data for preprocessing
2022-08-16 17:04:42,347:INFO:Declaring preprocessing parameters
2022-08-16 17:04:42,350:INFO:Creating preprocessing pipeline
2022-08-16 17:04:42,353:INFO:Preprocessing pipeline created successfully
2022-08-16 17:04:42,353:ERROR:(Process Exit): setup has been interupted with user command 'quit'. setup must rerun.
2022-08-16 17:04:42,353:INFO:Creating global containers
2022-08-16 17:04:42,354:INFO:Internal pipeline: Pipeline(memory=None, steps=[('empty_step', 'passthrough')], verbose=False)
2022-08-16 17:04:47,534:INFO:Creating grid variables
2022-08-16 17:04:47,541:INFO:create_model_container: 0
2022-08-16 17:04:47,541:INFO:master_model_container: 0
2022-08-16 17:04:47,541:INFO:display_container: 1
2022-08-16 17:04:47,545:INFO:Pipeline(memory=None,
         steps=[('dtypes',
                 DataTypes_Auto_infer(categorical_features=[],
                                      display_types=True, features_todrop=[],
                                      id_columns=[], ml_usecase='regression',
                                      numerical_features=[],
                                      target='UNSUPERVISED_DUMMY_TARGET',
                                      time_features=[])),
                ('imputer',
                 Simple_Imputer(categorical_strategy='most frequent',
                                fill_value_categorical=None,
                                fill_value_numerical=None...
                ('scaling', 'passthrough'), ('P_transform', 'passthrough'),
                ('binn', 'passthrough'), ('rem_outliers', 'passthrough'),
                ('cluster_all', 'passthrough'),
                ('dummy', Dummify(target='UNSUPERVISED_DUMMY_TARGET')),
                ('fix_perfect', 'passthrough'),
                ('clean_names', Clean_Colum_Names()),
                ('feature_select', 'passthrough'), ('fix_multi', 'passthrough'),
                ('dfs', 'passthrough'), ('pca', 'passthrough')],
         verbose=False)
2022-08-16 17:04:47,545:INFO:setup() succesfully completed......................................
2022-08-16 17:05:24,479:INFO:Initializing create_model()
2022-08-16 17:05:24,480:INFO:create_model(estimator=iforest, num_clusters=4, fraction=0.05, ground_truth=None, round=4, fit_kwargs=None, verbose=True, system=True, add_to_model_list=True, raise_num_clusters=False, experiment_custom_tags=None, display=None, kwargs={})
2022-08-16 17:05:24,480:INFO:Checking exceptions
2022-08-16 17:05:24,480:INFO:Preparing display monitor
2022-08-16 17:05:24,489:INFO:Importing libraries
2022-08-16 17:05:24,495:INFO:Importing untrained model
2022-08-16 17:05:24,501:INFO:Isolation Forest Imported succesfully
2022-08-16 17:05:24,508:INFO:Fitting Model
2022-08-16 17:05:26,999:INFO:IForest(behaviour='new', bootstrap=False, contamination=0.05,
    max_features=1.0, max_samples='auto', n_estimators=100, n_jobs=-1,
    random_state=8243, verbose=0)
2022-08-16 17:05:26,999:INFO:create_models() succesfully completed......................................
2022-08-16 17:05:27,000:INFO:Uploading results into container
2022-08-16 17:05:27,000:INFO:Uploading model into container now
2022-08-16 17:05:27,001:INFO:create_model_container: 1
2022-08-16 17:05:27,001:INFO:master_model_container: 1
2022-08-16 17:05:27,001:INFO:display_container: 2
2022-08-16 17:05:27,001:INFO:IForest(behaviour='new', bootstrap=False, contamination=0.05,
    max_features=1.0, max_samples='auto', n_estimators=100, n_jobs=-1,
    random_state=8243, verbose=0)
2022-08-16 17:05:27,001:INFO:create_model() succesfully completed......................................
2022-08-16 17:05:32,360:INFO:Initializing create_model()
2022-08-16 17:05:32,360:INFO:create_model(estimator=iforest, num_clusters=4, fraction=0.05, ground_truth=None, round=4, fit_kwargs=None, verbose=True, system=True, add_to_model_list=True, raise_num_clusters=False, experiment_custom_tags=None, display=None, kwargs={})
2022-08-16 17:05:32,361:INFO:Checking exceptions
2022-08-16 17:05:32,361:INFO:Preparing display monitor
2022-08-16 17:05:32,369:INFO:Importing libraries
2022-08-16 17:05:32,376:INFO:Importing untrained model
2022-08-16 17:05:32,383:INFO:Isolation Forest Imported succesfully
2022-08-16 17:05:32,388:INFO:Fitting Model
2022-08-16 17:05:33,316:INFO:IForest(behaviour='new', bootstrap=False, contamination=0.05,
    max_features=1.0, max_samples='auto', n_estimators=100, n_jobs=-1,
    random_state=8243, verbose=0)
2022-08-16 17:05:33,317:INFO:create_models() succesfully completed......................................
2022-08-16 17:05:33,317:INFO:Uploading results into container
2022-08-16 17:05:33,317:INFO:Uploading model into container now
2022-08-16 17:05:33,318:INFO:create_model_container: 2
2022-08-16 17:05:33,318:INFO:master_model_container: 2
2022-08-16 17:05:33,318:INFO:display_container: 3
2022-08-16 17:05:33,319:INFO:IForest(behaviour='new', bootstrap=False, contamination=0.05,
    max_features=1.0, max_samples='auto', n_estimators=100, n_jobs=-1,
    random_state=8243, verbose=0)
2022-08-16 17:05:33,319:INFO:create_model() succesfully completed......................................
2022-08-16 17:05:45,607:INFO:gpu_param set to False
2022-08-16 17:06:09,722:INFO:Initializing plot_model()
2022-08-16 17:06:09,722:INFO:plot_model(fold=None, use_train_data=False, verbose=True, is_in_evaluate=False, display=None, display_format=None, estimator=IForest(behaviour='new', bootstrap=False, contamination=0.05,
    max_features=1.0, max_samples='auto', n_estimators=100, n_jobs=-1,
    random_state=8243, verbose=0), feature_name=None, fit_kwargs=None, groups=None, label=False, plot=tsne, plot_kwargs=None, save=False, scale=1, system=True)
2022-08-16 17:06:09,722:INFO:Checking exceptions
2022-08-16 17:06:09,767:INFO:Preparing display monitor
2022-08-16 17:06:09,771:INFO:Preloading libraries
2022-08-16 17:06:09,779:INFO:Copying training dataset
2022-08-16 17:06:09,779:INFO:Plot type: tsne
2022-08-16 17:06:09,898:INFO:SubProcess assign_model() called ==================================
2022-08-16 17:06:09,898:INFO:Initializing assign_model()
2022-08-16 17:06:09,898:INFO:assign_model(model=IForest(behaviour='new', bootstrap=False, contamination=0.05,
    max_features=1.0, max_samples='auto', n_estimators=100, n_jobs=-1,
    random_state=8243, verbose=0), transformation=True, score=False, verbose=False)
2022-08-16 17:06:09,898:INFO:Checking exceptions
2022-08-16 17:06:09,898:INFO:Determining Trained Model
2022-08-16 17:06:09,898:INFO:Trained Model : Isolation Forest
2022-08-16 17:06:09,898:INFO:Copying data
2022-08-16 17:06:09,899:INFO:Transformation param set to True. Assigned clusters are attached on transformed dataset.
2022-08-16 17:06:09,899:INFO:(7322, 4)
2022-08-16 17:06:09,899:INFO:assign_model() succesfully completed......................................
2022-08-16 17:06:09,899:INFO:SubProcess assign_model() end ==================================
2022-08-16 17:06:09,900:INFO:Getting dummies to cast categorical variables
2022-08-16 17:06:09,900:INFO:Fitting TSNE()
2022-08-16 17:06:34,418:INFO:Rendering Visual
2022-08-16 17:06:34,923:INFO:Visual Rendered Successfully
2022-08-16 17:06:35,026:INFO:plot_model() succesfully completed......................................
2022-08-16 17:06:35,037:INFO:Initializing plot_model()
2022-08-16 17:06:35,037:INFO:plot_model(fold=None, use_train_data=False, verbose=True, is_in_evaluate=False, display=None, display_format=None, estimator=IForest(behaviour='new', bootstrap=False, contamination=0.05,
    max_features=1.0, max_samples='auto', n_estimators=100, n_jobs=-1,
    random_state=8243, verbose=0), feature_name=None, fit_kwargs=None, groups=None, label=False, plot=umap, plot_kwargs=None, save=False, scale=1, system=True)
2022-08-16 17:06:35,037:INFO:Checking exceptions
2022-08-16 17:06:35,085:INFO:Preparing display monitor
2022-08-16 17:06:35,091:INFO:Preloading libraries
2022-08-16 17:06:35,099:INFO:Copying training dataset
2022-08-16 17:06:35,099:INFO:Plot type: umap
2022-08-16 17:06:35,222:INFO:SubProcess assign_model() called ==================================
2022-08-16 17:06:35,222:INFO:Initializing assign_model()
2022-08-16 17:06:35,222:INFO:assign_model(model=IForest(behaviour='new', bootstrap=False, contamination=0.05,
    max_features=1.0, max_samples='auto', n_estimators=100, n_jobs=-1,
    random_state=8243, verbose=0), transformation=True, score=False, verbose=False)
2022-08-16 17:06:35,222:INFO:Checking exceptions
2022-08-16 17:06:35,222:INFO:Determining Trained Model
2022-08-16 17:06:35,223:INFO:Trained Model : Isolation Forest
2022-08-16 17:06:35,223:INFO:Copying data
2022-08-16 17:06:35,223:INFO:Transformation param set to True. Assigned clusters are attached on transformed dataset.
2022-08-16 17:06:35,223:INFO:(7322, 4)
2022-08-16 17:06:35,224:INFO:assign_model() succesfully completed......................................
2022-08-16 17:06:35,224:INFO:SubProcess assign_model() end ==================================
2022-08-16 17:06:41,638:INFO:Fitting UMAP()
2022-08-16 17:07:05,296:INFO:Rendering Visual
2022-08-16 17:07:05,446:INFO:Visual Rendered Successfully
2022-08-16 17:07:05,606:INFO:plot_model() succesfully completed......................................
2022-08-16 17:07:05,611:INFO:Initializing assign_model()
2022-08-16 17:07:05,611:INFO:assign_model(model=IForest(behaviour='new', bootstrap=False, contamination=0.05,
    max_features=1.0, max_samples='auto', n_estimators=100, n_jobs=-1,
    random_state=8243, verbose=0), transformation=False, score=True, verbose=True)
2022-08-16 17:07:05,612:INFO:Checking exceptions
2022-08-16 17:07:05,612:INFO:Determining Trained Model
2022-08-16 17:07:05,612:INFO:Trained Model : Isolation Forest
2022-08-16 17:07:05,612:INFO:Copying data
2022-08-16 17:07:05,613:INFO:(7322, 5)
2022-08-16 17:07:05,613:INFO:assign_model() succesfully completed......................................
2022-08-16 17:07:27,140:INFO:Initializing assign_model()
2022-08-16 17:07:27,140:INFO:assign_model(model=IForest(behaviour='new', bootstrap=False, contamination=0.05,
    max_features=1.0, max_samples='auto', n_estimators=100, n_jobs=-1,
    random_state=8243, verbose=0), transformation=False, score=True, verbose=True)
2022-08-16 17:07:27,140:INFO:Checking exceptions
2022-08-16 17:07:27,140:INFO:Determining Trained Model
2022-08-16 17:07:27,141:INFO:Trained Model : Isolation Forest
2022-08-16 17:07:27,141:INFO:Copying data
2022-08-16 17:07:27,142:INFO:(7322, 5)
2022-08-16 17:07:27,142:INFO:assign_model() succesfully completed......................................
2022-08-16 17:13:00,027:INFO:PyCaret Supervised Module
2022-08-16 17:13:00,027:INFO:ML Usecase: anomaly
2022-08-16 17:13:00,027:INFO:version 2.3.10
2022-08-16 17:13:00,027:INFO:Initializing setup()
2022-08-16 17:13:00,027:INFO:setup(target=None, ml_usecase=anomaly, available_plots={'tsne': 'Anomaly TSnE (3d)', 'umap': 'UMAP Dimensionality'}, train_size=0.7, test_data=None, preprocess=True, imputation_type=simple, iterative_imputation_iters=5, categorical_features=None, categorical_imputation=mode, categorical_iterative_imputer=lightgbm, ordinal_features=None, high_cardinality_features=None, high_cardinality_method=frequency, numeric_features=None, numeric_imputation=mean, numeric_iterative_imputer=lightgbm, date_features=None, ignore_features=None, normalize=False, normalize_method=zscore, transformation=False, transformation_method=yeo-johnson, handle_unknown_categorical=True, unknown_categorical_method=least_frequent, pca=False, pca_method=linear, pca_components=None, ignore_low_variance=False, combine_rare_levels=False, rare_level_threshold=0.1, bin_numeric_features=None, remove_outliers=False, outliers_threshold=0.05, remove_multicollinearity=False, multicollinearity_threshold=0.9, remove_perfect_collinearity=False, create_clusters=False, cluster_iter=20, polynomial_features=False, polynomial_degree=2, trigonometry_features=False, polynomial_threshold=0.1, group_features=None, group_names=None, feature_selection=False, feature_selection_threshold=0.8, feature_selection_method=classic, feature_interaction=False, feature_ratio=False, interaction_threshold=0.01, fix_imbalance=False, fix_imbalance_method=None, transform_target=False, transform_target_method=box-cox, data_split_shuffle=False, data_split_stratify=False, fold_strategy=kfold, fold=10, fold_shuffle=False, fold_groups=None, n_jobs=-1, use_gpu=False, custom_pipeline=None, html=True, session_id=None, log_experiment=False, experiment_name=None, experiment_custom_tags=None, log_plots=False, log_profile=False, log_data=False, silent=False, verbose=True, profile=False, profile_kwargs=None, display=None)
2022-08-16 17:13:00,027:INFO:Checking environment
2022-08-16 17:13:00,027:INFO:python_version: 3.8.13
2022-08-16 17:13:00,027:INFO:python_build: ('default', 'Mar 28 2022 06:59:08')
2022-08-16 17:13:00,027:INFO:machine: AMD64
2022-08-16 17:13:00,028:INFO:platform: Windows-10-10.0.22000-SP0
2022-08-16 17:13:00,028:INFO:Memory: svmem(total=17032929280, available=6651064320, percent=61.0, used=10381864960, free=6651064320)
2022-08-16 17:13:00,028:INFO:Physical Core: 6
2022-08-16 17:13:00,028:INFO:Logical Core: 12
2022-08-16 17:13:00,028:INFO:Checking libraries
2022-08-16 17:13:00,028:INFO:pd==1.4.3
2022-08-16 17:13:00,028:INFO:numpy==1.19.5
2022-08-16 17:13:00,028:INFO:sklearn==0.23.2
2022-08-16 17:13:00,028:INFO:lightgbm==3.3.2
2022-08-16 17:13:00,029:WARNING:catboost not found
2022-08-16 17:13:00,029:WARNING:xgboost not found
2022-08-16 17:13:00,030:INFO:mlflow==1.28.0
2022-08-16 17:13:00,030:INFO:Checking Exceptions
2022-08-16 17:13:00,030:INFO:Declaring global variables
2022-08-16 17:13:00,030:INFO:USI: 91f7
2022-08-16 17:13:00,030:INFO:pycaret_globals: {'transform_target_param', 'logging_param', 'fold_generator', 'USI', 'experiment__', 'data_before_preprocess', 'imputation_classifier', '_all_models', 'X', '_all_metrics', 'fix_imbalance_method_param', 'pycaret_globals', 'dashboard_logger', 'fold_groups_param_full', 'display_container', '_all_models_internal', '_available_plots', 'create_model_container', 'gpu_param', 'n_jobs_param', 'exp_name_log', 'iterative_imputation_iters_param', '_gpu_n_jobs_param', '_internal_pipeline', '_ml_usecase', 'html_param', 'fold_shuffle_param', 'fix_imbalance_param', 'transform_target_method_param', 'fold_groups_param', 'prep_pipe', 'master_model_container', 'stratify_param', 'target_param', 'seed', 'log_plots_param', 'imputation_regressor', 'fold_param'}
2022-08-16 17:13:00,030:INFO:Preparing display monitor
2022-08-16 17:13:00,030:INFO:Preparing display monitor
2022-08-16 17:13:00,038:INFO:Importing libraries
2022-08-16 17:13:00,039:INFO:Copying data for preprocessing
2022-08-16 17:13:00,045:INFO:Declaring preprocessing parameters
2022-08-16 17:13:00,046:INFO:Creating preprocessing pipeline
2022-08-16 17:13:00,049:INFO:Preprocessing pipeline created successfully
2022-08-16 17:13:00,050:ERROR:(Process Exit): setup has been interupted with user command 'quit'. setup must rerun.
2022-08-16 17:13:00,050:INFO:Creating global containers
2022-08-16 17:13:00,050:INFO:Internal pipeline: Pipeline(memory=None, steps=[('empty_step', 'passthrough')], verbose=False)
2022-08-16 17:13:02,532:INFO:Creating grid variables
2022-08-16 17:13:02,540:INFO:create_model_container: 0
2022-08-16 17:13:02,540:INFO:master_model_container: 0
2022-08-16 17:13:02,540:INFO:display_container: 1
2022-08-16 17:13:02,545:INFO:Pipeline(memory=None,
         steps=[('dtypes',
                 DataTypes_Auto_infer(categorical_features=[],
                                      display_types=True, features_todrop=[],
                                      id_columns=[], ml_usecase='regression',
                                      numerical_features=[],
                                      target='UNSUPERVISED_DUMMY_TARGET',
                                      time_features=[])),
                ('imputer',
                 Simple_Imputer(categorical_strategy='most frequent',
                                fill_value_categorical=None,
                                fill_value_numerical=None...
                ('scaling', 'passthrough'), ('P_transform', 'passthrough'),
                ('binn', 'passthrough'), ('rem_outliers', 'passthrough'),
                ('cluster_all', 'passthrough'),
                ('dummy', Dummify(target='UNSUPERVISED_DUMMY_TARGET')),
                ('fix_perfect', 'passthrough'),
                ('clean_names', Clean_Colum_Names()),
                ('feature_select', 'passthrough'), ('fix_multi', 'passthrough'),
                ('dfs', 'passthrough'), ('pca', 'passthrough')],
         verbose=False)
2022-08-16 17:13:02,545:INFO:setup() succesfully completed......................................
2022-08-16 17:13:16,826:INFO:Initializing create_model()
2022-08-16 17:13:16,827:INFO:create_model(estimator=iforest, num_clusters=4, fraction=0.05, ground_truth=None, round=4, fit_kwargs=None, verbose=True, system=True, add_to_model_list=True, raise_num_clusters=False, experiment_custom_tags=None, display=None, kwargs={})
2022-08-16 17:13:16,827:INFO:Checking exceptions
2022-08-16 17:13:16,827:INFO:Preparing display monitor
2022-08-16 17:13:16,835:INFO:Importing libraries
2022-08-16 17:13:16,841:INFO:Importing untrained model
2022-08-16 17:13:16,847:INFO:Isolation Forest Imported succesfully
2022-08-16 17:13:16,854:INFO:Fitting Model
2022-08-16 17:13:18,487:INFO:IForest(behaviour='new', bootstrap=False, contamination=0.05,
    max_features=1.0, max_samples='auto', n_estimators=100, n_jobs=-1,
    random_state=4400, verbose=0)
2022-08-16 17:13:18,487:INFO:create_models() succesfully completed......................................
2022-08-16 17:13:18,487:INFO:Uploading results into container
2022-08-16 17:13:18,488:INFO:Uploading model into container now
2022-08-16 17:13:18,488:INFO:create_model_container: 1
2022-08-16 17:13:18,489:INFO:master_model_container: 1
2022-08-16 17:13:18,489:INFO:display_container: 2
2022-08-16 17:13:18,489:INFO:IForest(behaviour='new', bootstrap=False, contamination=0.05,
    max_features=1.0, max_samples='auto', n_estimators=100, n_jobs=-1,
    random_state=4400, verbose=0)
2022-08-16 17:13:18,489:INFO:create_model() succesfully completed......................................
2022-08-16 17:13:22,628:INFO:gpu_param set to False
2022-08-16 17:13:25,595:INFO:Initializing plot_model()
2022-08-16 17:13:25,596:INFO:plot_model(fold=None, use_train_data=False, verbose=True, is_in_evaluate=False, display=None, display_format=None, estimator=IForest(behaviour='new', bootstrap=False, contamination=0.05,
    max_features=1.0, max_samples='auto', n_estimators=100, n_jobs=-1,
    random_state=4400, verbose=0), feature_name=None, fit_kwargs=None, groups=None, label=False, plot=tsne, plot_kwargs=None, save=False, scale=1, system=True)
2022-08-16 17:13:25,596:INFO:Checking exceptions
2022-08-16 17:13:25,646:INFO:Preparing display monitor
2022-08-16 17:13:25,651:INFO:Preloading libraries
2022-08-16 17:13:25,659:INFO:Copying training dataset
2022-08-16 17:13:25,659:INFO:Plot type: tsne
2022-08-16 17:13:25,778:INFO:SubProcess assign_model() called ==================================
2022-08-16 17:13:25,778:INFO:Initializing assign_model()
2022-08-16 17:13:25,778:INFO:assign_model(model=IForest(behaviour='new', bootstrap=False, contamination=0.05,
    max_features=1.0, max_samples='auto', n_estimators=100, n_jobs=-1,
    random_state=4400, verbose=0), transformation=True, score=False, verbose=False)
2022-08-16 17:13:25,778:INFO:Checking exceptions
2022-08-16 17:13:25,778:INFO:Determining Trained Model
2022-08-16 17:13:25,778:INFO:Trained Model : Isolation Forest
2022-08-16 17:13:25,778:INFO:Copying data
2022-08-16 17:13:25,778:INFO:Transformation param set to True. Assigned clusters are attached on transformed dataset.
2022-08-16 17:13:25,779:INFO:(7322, 4)
2022-08-16 17:13:25,779:INFO:assign_model() succesfully completed......................................
2022-08-16 17:13:25,779:INFO:SubProcess assign_model() end ==================================
2022-08-16 17:13:25,780:INFO:Getting dummies to cast categorical variables
2022-08-16 17:13:25,780:INFO:Fitting TSNE()
2022-08-16 17:13:49,430:INFO:Rendering Visual
2022-08-16 17:13:49,557:INFO:Visual Rendered Successfully
2022-08-16 17:13:49,710:INFO:plot_model() succesfully completed......................................
2022-08-16 17:13:49,721:INFO:Initializing plot_model()
2022-08-16 17:13:49,721:INFO:plot_model(fold=None, use_train_data=False, verbose=True, is_in_evaluate=False, display=None, display_format=None, estimator=IForest(behaviour='new', bootstrap=False, contamination=0.05,
    max_features=1.0, max_samples='auto', n_estimators=100, n_jobs=-1,
    random_state=4400, verbose=0), feature_name=None, fit_kwargs=None, groups=None, label=False, plot=umap, plot_kwargs=None, save=False, scale=1, system=True)
2022-08-16 17:13:49,722:INFO:Checking exceptions
2022-08-16 17:13:49,766:INFO:Preparing display monitor
2022-08-16 17:13:49,773:INFO:Preloading libraries
2022-08-16 17:13:49,780:INFO:Copying training dataset
2022-08-16 17:13:49,781:INFO:Plot type: umap
2022-08-16 17:13:49,905:INFO:SubProcess assign_model() called ==================================
2022-08-16 17:13:49,906:INFO:Initializing assign_model()
2022-08-16 17:13:49,906:INFO:assign_model(model=IForest(behaviour='new', bootstrap=False, contamination=0.05,
    max_features=1.0, max_samples='auto', n_estimators=100, n_jobs=-1,
    random_state=4400, verbose=0), transformation=True, score=False, verbose=False)
2022-08-16 17:13:49,906:INFO:Checking exceptions
2022-08-16 17:13:49,906:INFO:Determining Trained Model
2022-08-16 17:13:49,906:INFO:Trained Model : Isolation Forest
2022-08-16 17:13:49,906:INFO:Copying data
2022-08-16 17:13:49,906:INFO:Transformation param set to True. Assigned clusters are attached on transformed dataset.
2022-08-16 17:13:49,907:INFO:(7322, 4)
2022-08-16 17:13:49,907:INFO:assign_model() succesfully completed......................................
2022-08-16 17:13:49,907:INFO:SubProcess assign_model() end ==================================
2022-08-16 17:13:49,909:INFO:Fitting UMAP()
2022-08-16 17:14:01,174:INFO:Rendering Visual
2022-08-16 17:14:01,272:INFO:Visual Rendered Successfully
2022-08-16 17:14:01,434:INFO:plot_model() succesfully completed......................................
2022-08-16 17:14:01,439:INFO:Initializing assign_model()
2022-08-16 17:14:01,439:INFO:assign_model(model=IForest(behaviour='new', bootstrap=False, contamination=0.05,
    max_features=1.0, max_samples='auto', n_estimators=100, n_jobs=-1,
    random_state=4400, verbose=0), transformation=False, score=True, verbose=True)
2022-08-16 17:14:01,440:INFO:Checking exceptions
2022-08-16 17:14:01,440:INFO:Determining Trained Model
2022-08-16 17:14:01,440:INFO:Trained Model : Isolation Forest
2022-08-16 17:14:01,440:INFO:Copying data
2022-08-16 17:14:01,441:INFO:(7322, 5)
2022-08-16 17:14:01,441:INFO:assign_model() succesfully completed......................................
2022-08-16 17:14:22,657:INFO:PyCaret Supervised Module
2022-08-16 17:14:22,657:INFO:ML Usecase: anomaly
2022-08-16 17:14:22,657:INFO:version 2.3.10
2022-08-16 17:14:22,657:INFO:Initializing setup()
2022-08-16 17:14:22,658:INFO:setup(target=None, ml_usecase=anomaly, available_plots={'tsne': 'Anomaly TSnE (3d)', 'umap': 'UMAP Dimensionality'}, train_size=0.7, test_data=None, preprocess=True, imputation_type=simple, iterative_imputation_iters=5, categorical_features=None, categorical_imputation=mode, categorical_iterative_imputer=lightgbm, ordinal_features=None, high_cardinality_features=None, high_cardinality_method=frequency, numeric_features=None, numeric_imputation=mean, numeric_iterative_imputer=lightgbm, date_features=None, ignore_features=None, normalize=False, normalize_method=zscore, transformation=False, transformation_method=yeo-johnson, handle_unknown_categorical=True, unknown_categorical_method=least_frequent, pca=False, pca_method=linear, pca_components=None, ignore_low_variance=False, combine_rare_levels=False, rare_level_threshold=0.1, bin_numeric_features=None, remove_outliers=False, outliers_threshold=0.05, remove_multicollinearity=False, multicollinearity_threshold=0.9, remove_perfect_collinearity=False, create_clusters=False, cluster_iter=20, polynomial_features=False, polynomial_degree=2, trigonometry_features=False, polynomial_threshold=0.1, group_features=None, group_names=None, feature_selection=False, feature_selection_threshold=0.8, feature_selection_method=classic, feature_interaction=False, feature_ratio=False, interaction_threshold=0.01, fix_imbalance=False, fix_imbalance_method=None, transform_target=False, transform_target_method=box-cox, data_split_shuffle=False, data_split_stratify=False, fold_strategy=kfold, fold=10, fold_shuffle=False, fold_groups=None, n_jobs=-1, use_gpu=True, custom_pipeline=None, html=True, session_id=None, log_experiment=False, experiment_name=None, experiment_custom_tags=None, log_plots=False, log_profile=False, log_data=False, silent=False, verbose=True, profile=False, profile_kwargs=None, display=None)
2022-08-16 17:14:22,658:INFO:Checking environment
2022-08-16 17:14:22,658:INFO:python_version: 3.8.13
2022-08-16 17:14:22,658:INFO:python_build: ('default', 'Mar 28 2022 06:59:08')
2022-08-16 17:14:22,658:INFO:machine: AMD64
2022-08-16 17:14:22,658:INFO:platform: Windows-10-10.0.22000-SP0
2022-08-16 17:14:22,658:INFO:Memory: svmem(total=17032929280, available=5912698880, percent=65.3, used=11120230400, free=5912698880)
2022-08-16 17:14:22,658:INFO:Physical Core: 6
2022-08-16 17:14:22,658:INFO:Logical Core: 12
2022-08-16 17:14:22,658:INFO:Checking libraries
2022-08-16 17:14:22,658:INFO:pd==1.4.3
2022-08-16 17:14:22,658:INFO:numpy==1.19.5
2022-08-16 17:14:22,658:INFO:sklearn==0.23.2
2022-08-16 17:14:22,658:INFO:lightgbm==3.3.2
2022-08-16 17:14:22,659:WARNING:catboost not found
2022-08-16 17:14:22,659:WARNING:xgboost not found
2022-08-16 17:14:22,659:INFO:mlflow==1.28.0
2022-08-16 17:14:22,659:INFO:Checking Exceptions
2022-08-16 17:14:22,660:INFO:Declaring global variables
2022-08-16 17:14:22,660:INFO:USI: 4ccb
2022-08-16 17:14:22,660:INFO:pycaret_globals: {'transform_target_param', 'logging_param', 'fold_generator', 'USI', 'experiment__', 'data_before_preprocess', 'imputation_classifier', '_all_models', 'X', '_all_metrics', 'fix_imbalance_method_param', 'pycaret_globals', 'dashboard_logger', 'fold_groups_param_full', 'display_container', '_all_models_internal', '_available_plots', 'create_model_container', 'gpu_param', 'n_jobs_param', 'exp_name_log', 'iterative_imputation_iters_param', '_gpu_n_jobs_param', '_internal_pipeline', '_ml_usecase', 'html_param', 'fold_shuffle_param', 'fix_imbalance_param', 'transform_target_method_param', 'fold_groups_param', 'prep_pipe', 'master_model_container', 'stratify_param', 'target_param', 'seed', 'log_plots_param', 'imputation_regressor', 'fold_param'}
2022-08-16 17:14:22,660:INFO:Preparing display monitor
2022-08-16 17:14:22,660:INFO:Preparing display monitor
2022-08-16 17:14:22,669:INFO:Importing libraries
2022-08-16 17:14:22,669:INFO:Copying data for preprocessing
2022-08-16 17:14:22,674:INFO:Declaring preprocessing parameters
2022-08-16 17:14:22,675:WARNING:cuML not found
2022-08-16 17:14:22,675:WARNING:cuML is outdated or not found. Required version is >=0.15, got 3.3.2
2022-08-16 17:14:22,677:INFO:Creating preprocessing pipeline
2022-08-16 17:14:22,679:INFO:Preprocessing pipeline created successfully
2022-08-16 17:14:22,680:ERROR:(Process Exit): setup has been interupted with user command 'quit'. setup must rerun.
2022-08-16 17:14:22,680:INFO:Creating global containers
2022-08-16 17:14:22,681:INFO:Internal pipeline: Pipeline(memory=None, steps=[('empty_step', 'passthrough')], verbose=False)
2022-08-16 17:14:25,517:INFO:Creating grid variables
2022-08-16 17:14:25,525:INFO:create_model_container: 0
2022-08-16 17:14:25,525:INFO:master_model_container: 0
2022-08-16 17:14:25,526:INFO:display_container: 1
2022-08-16 17:14:25,529:INFO:Pipeline(memory=None,
         steps=[('dtypes',
                 DataTypes_Auto_infer(categorical_features=[],
                                      display_types=True, features_todrop=[],
                                      id_columns=[], ml_usecase='regression',
                                      numerical_features=[],
                                      target='UNSUPERVISED_DUMMY_TARGET',
                                      time_features=[])),
                ('imputer',
                 Simple_Imputer(categorical_strategy='most frequent',
                                fill_value_categorical=None,
                                fill_value_numerical=None...
                ('scaling', 'passthrough'), ('P_transform', 'passthrough'),
                ('binn', 'passthrough'), ('rem_outliers', 'passthrough'),
                ('cluster_all', 'passthrough'),
                ('dummy', Dummify(target='UNSUPERVISED_DUMMY_TARGET')),
                ('fix_perfect', 'passthrough'),
                ('clean_names', Clean_Colum_Names()),
                ('feature_select', 'passthrough'), ('fix_multi', 'passthrough'),
                ('dfs', 'passthrough'), ('pca', 'passthrough')],
         verbose=False)
2022-08-16 17:14:25,529:INFO:setup() succesfully completed......................................
2022-08-16 17:14:36,851:INFO:Initializing create_model()
2022-08-16 17:14:36,851:INFO:create_model(estimator=iforest, num_clusters=4, fraction=0.05, ground_truth=None, round=4, fit_kwargs=None, verbose=True, system=True, add_to_model_list=True, raise_num_clusters=False, experiment_custom_tags=None, display=None, kwargs={})
2022-08-16 17:14:36,852:INFO:Checking exceptions
2022-08-16 17:14:36,852:INFO:Preparing display monitor
2022-08-16 17:14:36,860:INFO:Importing libraries
2022-08-16 17:14:36,867:INFO:Importing untrained model
2022-08-16 17:14:36,874:INFO:Isolation Forest Imported succesfully
2022-08-16 17:14:36,881:INFO:Fitting Model
2022-08-16 17:14:37,843:INFO:IForest(behaviour='new', bootstrap=False, contamination=0.05,
    max_features=1.0, max_samples='auto', n_estimators=100, n_jobs=-1,
    random_state=4527, verbose=0)
2022-08-16 17:14:37,844:INFO:create_models() succesfully completed......................................
2022-08-16 17:14:37,844:INFO:Uploading results into container
2022-08-16 17:14:37,844:INFO:Uploading model into container now
2022-08-16 17:14:37,845:INFO:create_model_container: 1
2022-08-16 17:14:37,845:INFO:master_model_container: 1
2022-08-16 17:14:37,845:INFO:display_container: 2
2022-08-16 17:14:37,845:INFO:IForest(behaviour='new', bootstrap=False, contamination=0.05,
    max_features=1.0, max_samples='auto', n_estimators=100, n_jobs=-1,
    random_state=4527, verbose=0)
2022-08-16 17:14:37,845:INFO:create_model() succesfully completed......................................
2022-08-16 17:14:44,039:INFO:gpu_param set to True
2022-08-16 17:14:46,795:INFO:Initializing plot_model()
2022-08-16 17:14:46,795:INFO:plot_model(fold=None, use_train_data=False, verbose=True, is_in_evaluate=False, display=None, display_format=None, estimator=IForest(behaviour='new', bootstrap=False, contamination=0.05,
    max_features=1.0, max_samples='auto', n_estimators=100, n_jobs=-1,
    random_state=4527, verbose=0), feature_name=None, fit_kwargs=None, groups=None, label=False, plot=tsne, plot_kwargs=None, save=False, scale=1, system=True)
2022-08-16 17:14:46,795:INFO:Checking exceptions
2022-08-16 17:14:46,849:INFO:Preparing display monitor
2022-08-16 17:14:46,855:INFO:Preloading libraries
2022-08-16 17:14:46,863:INFO:Copying training dataset
2022-08-16 17:14:46,863:INFO:Plot type: tsne
2022-08-16 17:14:46,988:INFO:SubProcess assign_model() called ==================================
2022-08-16 17:14:46,989:INFO:Initializing assign_model()
2022-08-16 17:14:46,989:INFO:assign_model(model=IForest(behaviour='new', bootstrap=False, contamination=0.05,
    max_features=1.0, max_samples='auto', n_estimators=100, n_jobs=-1,
    random_state=4527, verbose=0), transformation=True, score=False, verbose=False)
2022-08-16 17:14:46,989:INFO:Checking exceptions
2022-08-16 17:14:46,989:INFO:Determining Trained Model
2022-08-16 17:14:46,989:INFO:Trained Model : Isolation Forest
2022-08-16 17:14:46,989:INFO:Copying data
2022-08-16 17:14:46,989:INFO:Transformation param set to True. Assigned clusters are attached on transformed dataset.
2022-08-16 17:14:46,989:INFO:(7322, 4)
2022-08-16 17:14:46,989:INFO:assign_model() succesfully completed......................................
2022-08-16 17:14:46,989:INFO:SubProcess assign_model() end ==================================
2022-08-16 17:14:46,990:INFO:Getting dummies to cast categorical variables
2022-08-16 17:14:46,990:INFO:Fitting TSNE()
2022-08-16 17:15:10,007:INFO:Rendering Visual
2022-08-16 17:15:10,119:INFO:Visual Rendered Successfully
2022-08-16 17:15:10,262:INFO:plot_model() succesfully completed......................................
2022-08-16 17:15:10,271:INFO:Initializing plot_model()
2022-08-16 17:15:10,271:INFO:plot_model(fold=None, use_train_data=False, verbose=True, is_in_evaluate=False, display=None, display_format=None, estimator=IForest(behaviour='new', bootstrap=False, contamination=0.05,
    max_features=1.0, max_samples='auto', n_estimators=100, n_jobs=-1,
    random_state=4527, verbose=0), feature_name=None, fit_kwargs=None, groups=None, label=False, plot=umap, plot_kwargs=None, save=False, scale=1, system=True)
2022-08-16 17:15:10,271:INFO:Checking exceptions
2022-08-16 17:15:10,312:INFO:Preparing display monitor
2022-08-16 17:15:10,316:INFO:Preloading libraries
2022-08-16 17:15:10,323:INFO:Copying training dataset
2022-08-16 17:15:10,323:INFO:Plot type: umap
2022-08-16 17:15:10,462:INFO:SubProcess assign_model() called ==================================
2022-08-16 17:15:10,462:INFO:Initializing assign_model()
2022-08-16 17:15:10,462:INFO:assign_model(model=IForest(behaviour='new', bootstrap=False, contamination=0.05,
    max_features=1.0, max_samples='auto', n_estimators=100, n_jobs=-1,
    random_state=4527, verbose=0), transformation=True, score=False, verbose=False)
2022-08-16 17:15:10,462:INFO:Checking exceptions
2022-08-16 17:15:10,462:INFO:Determining Trained Model
2022-08-16 17:15:10,462:INFO:Trained Model : Isolation Forest
2022-08-16 17:15:10,462:INFO:Copying data
2022-08-16 17:15:10,462:INFO:Transformation param set to True. Assigned clusters are attached on transformed dataset.
2022-08-16 17:15:10,463:INFO:(7322, 4)
2022-08-16 17:15:10,463:INFO:assign_model() succesfully completed......................................
2022-08-16 17:15:10,463:INFO:SubProcess assign_model() end ==================================
2022-08-16 17:15:10,464:INFO:Fitting UMAP()
2022-08-16 17:15:22,153:INFO:Rendering Visual
2022-08-16 17:15:22,254:INFO:Visual Rendered Successfully
2022-08-16 17:15:22,424:INFO:plot_model() succesfully completed......................................
2022-08-16 17:15:22,438:INFO:Initializing assign_model()
2022-08-16 17:15:22,439:INFO:assign_model(model=IForest(behaviour='new', bootstrap=False, contamination=0.05,
    max_features=1.0, max_samples='auto', n_estimators=100, n_jobs=-1,
    random_state=4527, verbose=0), transformation=False, score=True, verbose=True)
2022-08-16 17:15:22,439:INFO:Checking exceptions
2022-08-16 17:15:22,439:INFO:Determining Trained Model
2022-08-16 17:15:22,439:INFO:Trained Model : Isolation Forest
2022-08-16 17:15:22,439:INFO:Copying data
2022-08-16 17:15:22,440:INFO:(7322, 5)
2022-08-16 17:15:22,440:INFO:assign_model() succesfully completed......................................
2022-08-16 17:15:22,454:INFO:Initializing predict_model()
2022-08-16 17:15:22,454:INFO:predict_model(estimator=IForest(behaviour='new', bootstrap=False, contamination=0.05,
    max_features=1.0, max_samples='auto', n_estimators=100, n_jobs=-1,
    random_state=4527, verbose=0), ml_usecase=MLUsecase.ANOMALY)
